Arguments: 
  /usr/local/bin/node /usr/local/bin/yarn install

PATH: 
  /usr/local/bin:/usr/local/sbin:/usr/local/bin:/usr/bin:/bin:/usr/sbin:/sbin:/Library/Apple/usr/bin:/usr/local/sbin:/Users/hanrea/.rvm/bin

Yarn version: 
  1.22.10

Node version: 
  14.17.3

Platform: 
  darwin x64

Trace: 
  Error: connect ECONNREFUSED 180.169.190.249:443
      at TCPConnectWrap.afterConnect [as oncomplete] (net.js:1148:16)

npm manifest: 
  {
      "private": true,
      "scripts": {
          "dev": "nodemon --watch ../../dist/*.js -x 'cross-env DEBUG=vite-plugin-autorouter:* vite'",
          "build": "cross-env DEBUG=vite-plugin-autorouter vite build",
          "serve": "vite preview"
      },
      "dependencies": {
          "vue": "^3.2.20",
          "vue-router": "4.0.12"
      },
      "devDependencies": {
          "@vitejs/plugin-vue": "^1.9.4",
          "@vue/compiler-sfc": "^3.2.20",
          "cross-env": "^7.0.3",
          "nodemon": "^2.0.14",
          "typescript": "^4.4.4",
          "vite": "^2.6.13",
          "vite-plugin-md": "^0.11.3",
          "vite-plugin-autorouter": "workspace:*",
          "vite-plugin-restart": "^0.0.2"
      }
  }

yarn manifest: 
  No manifest

Lockfile: 
  No lockfile
